[ 2025-06-22 00:46:46,858 ] 1025 httpx - INFO - HTTP Request: GET https://dagshub.com/api/v1/user "HTTP/1.1 200 OK"
[ 2025-06-22 00:46:46,863 ] 107 dagshub - INFO - Accessing as ahmedgego
[ 2025-06-22 00:46:47,170 ] 1025 httpx - INFO - HTTP Request: GET https://dagshub.com/api/v1/repos/ahmedgego/networksecurity "HTTP/1.1 200 OK"
[ 2025-06-22 00:46:47,427 ] 1025 httpx - INFO - HTTP Request: GET https://dagshub.com/api/v1/user "HTTP/1.1 200 OK"
[ 2025-06-22 00:46:47,429 ] 107 dagshub - INFO - Initialized MLflow to track repo "ahmedgego/networksecurity"
[ 2025-06-22 00:46:47,429 ] 107 dagshub - INFO - Repository ahmedgego/networksecurity initialized!
[ 2025-06-22 00:46:52,427 ] 34 root - INFO - Start data Ingestion
[ 2025-06-22 00:47:01,670 ] 65 root - INFO - Performed train test split on the dataframe
[ 2025-06-22 00:47:01,671 ] 67 root - INFO - Exited split_data_as_train_test method of Data_Ingestion class
[ 2025-06-22 00:47:01,671 ] 75 root - INFO - Exporting train and test file path.
[ 2025-06-22 00:47:01,710 ] 84 root - INFO - Exported train and test file path.
[ 2025-06-22 00:47:01,710 ] 37 root - INFO - Data Ingestion completed and artifact: DataIngestionArtifact(trained_file_path='Artifacts\\06_22_2025_00_46_45\\data_ingestion\\ingested\\train.csv', test_file_path='Artifacts\\06_22_2025_00_46_45\\data_ingestion\\ingested\\test.csv')
[ 2025-06-22 00:47:01,714 ] 47 root - INFO - Initiate the data Validation
[ 2025-06-22 00:47:01,730 ] 32 root - INFO - Required number of columns:2
[ 2025-06-22 00:47:01,730 ] 33 root - INFO - Data frame has columns:31
[ 2025-06-22 00:47:01,730 ] 32 root - INFO - Required number of columns:2
[ 2025-06-22 00:47:01,730 ] 33 root - INFO - Data frame has columns:31
[ 2025-06-22 00:47:01,828 ] 60 root - INFO - Entered initiate_data_transformation merthod of DataTransfromation class
[ 2025-06-22 00:47:01,828 ] 62 root - INFO - Stating data transformation
[ 2025-06-22 00:47:01,851 ] 46 root - INFO - Entered get_data_trnasformer_object method of Transformation class
[ 2025-06-22 00:47:01,851 ] 51 root - INFO - Initialise KNNImputer with {'missing_values': nan, 'n_neighbors': 3, 'weights': 'uniform'}
[ 2025-06-22 00:47:01,861 ] 48 root - INFO - Entered the save_object method of MainUtils class
[ 2025-06-22 00:47:01,861 ] 52 root - INFO - Exited the save_object method of MainUtils class
[ 2025-06-22 00:47:01,861 ] 48 root - INFO - Entered the save_object method of MainUtils class
[ 2025-06-22 00:47:01,865 ] 52 root - INFO - Exited the save_object method of MainUtils class
[ 2025-06-22 00:52:44,054 ] 48 root - INFO - Entered the save_object method of MainUtils class
[ 2025-06-22 00:52:44,054 ] 52 root - INFO - Exited the save_object method of MainUtils class
[ 2025-06-22 00:52:44,054 ] 48 root - INFO - Entered the save_object method of MainUtils class
[ 2025-06-22 00:52:44,119 ] 52 root - INFO - Exited the save_object method of MainUtils class
[ 2025-06-22 00:52:44,120 ] 128 root - INFO - Model trainer artifact: ModelTrainerArtifact(trained_model_file_path='Artifacts\\06_22_2025_00_46_45\\model_trainer\\trained_model\\model.pkl', train_metric_artifact=ClassificationMetricArtifact(f1_score=0.9908441493107959, precision_score=0.9873671546019651, recall_score=0.994345718901454), test_metric_artifact=ClassificationMetricArtifact(f1_score=0.9757301522007404, precision_score=0.967373572593801, recall_score=0.9842323651452282))
